<?xml version="1.0" encoding="UTF-8"?>
<!-- Generated by org.testng.reporters.JUnitReportReporter -->
<testsuite skipped="0" hostname="Dhuruvan" name="com.TechnicalExerciseForEvaluation.testCases.PreRetirementCalculator" tests="1" failures="0" timestamp="2023-01-18T22:37:42 IST" time="10.621" errors="0">
  <testcase name="retirementCalcultor" time="10.621" classname="com.TechnicalExerciseForEvaluation.testCases.PreRetirementCalculator"/>
  <system-out/>
</testsuite> <!-- com.TechnicalExerciseForEvaluation.testCases.PreRetirementCalculator -->
